<?xml version="1.0" encoding="UTF-8"?>
<!-- Generated by org.testng.reporters.JUnitXMLReporter -->
<testsuite ignored="0" hostname="RTC-DLLA53" failures="1" tests="1" name="Default test" time="22.426" errors="0" timestamp="2023-09-14T13:26:03 IST">
  <testcase classname="io.cucumber.testng.AbstractTestNGCucumberTests" name="runScenario" time="21.977">
    <failure type="java.lang.AssertionError">
      <![CDATA[java.lang.AssertionError
at org.junit.Assert.fail(Assert.java:87)
at org.junit.Assert.assertTrue(Assert.java:42)
at org.junit.Assert.assertTrue(Assert.java:53)
at stepDefinitions.DashboardAppStepDefs.user_can_see_news_apk_updator_performance_of_devices(DashboardAppStepDefs.java:229)
at ✽.user can see News APK updater performance of devices(file:///C:/Users/rajatkumar/OneDrive%20-%20Round%20the%20clock%20technologies/Documents/rtc-ai/com.rtctek.ai/src/test/resources/Features/AlertHandling.feature:8)
]]>
    </failure>
  </testcase> <!-- runScenario -->
</testsuite> <!-- Default test -->
